<!DOCTYPE html>
<html>
  <head>
    <meta charset="utf-8"/>
    <title>report2.html</title>
    <link href="assets/style.css" rel="stylesheet" type="text/css"/></head>
  <body onLoad="init()">
    <script>/* This Source Code Form is subject to the terms of the Mozilla Public
 * License, v. 2.0. If a copy of the MPL was not distributed with this file,
 * You can obtain one at http://mozilla.org/MPL/2.0/. */


function toArray(iter) {
    if (iter === null) {
        return null;
    }
    return Array.prototype.slice.call(iter);
}

function find(selector, elem) { // eslint-disable-line no-redeclare
    if (!elem) {
        elem = document;
    }
    return elem.querySelector(selector);
}

function findAll(selector, elem) {
    if (!elem) {
        elem = document;
    }
    return toArray(elem.querySelectorAll(selector));
}

function sortColumn(elem) {
    toggleSortStates(elem);
    const colIndex = toArray(elem.parentNode.childNodes).indexOf(elem);
    let key;
    if (elem.classList.contains('result')) {
        key = keyResult;
    } else if (elem.classList.contains('links')) {
        key = keyLink;
    } else {
        key = keyAlpha;
    }
    sortTable(elem, key(colIndex));
}

function showAllExtras() { // eslint-disable-line no-unused-vars
    findAll('.col-result').forEach(showExtras);
}

function hideAllExtras() { // eslint-disable-line no-unused-vars
    findAll('.col-result').forEach(hideExtras);
}

function showExtras(colresultElem) {
    const extras = colresultElem.parentNode.nextElementSibling;
    const expandcollapse = colresultElem.firstElementChild;
    extras.classList.remove('collapsed');
    expandcollapse.classList.remove('expander');
    expandcollapse.classList.add('collapser');
}

function hideExtras(colresultElem) {
    const extras = colresultElem.parentNode.nextElementSibling;
    const expandcollapse = colresultElem.firstElementChild;
    extras.classList.add('collapsed');
    expandcollapse.classList.remove('collapser');
    expandcollapse.classList.add('expander');
}

function showFilters() {
    let visibleString = getQueryParameter('visible') || 'all';
    visibleString = visibleString.toLowerCase();
    const checkedItems = visibleString.split(',');

    const filterItems = document.getElementsByClassName('filter');
    for (let i = 0; i < filterItems.length; i++) {
        filterItems[i].hidden = false;

        if (visibleString != 'all') {
            filterItems[i].checked = checkedItems.includes(filterItems[i].getAttribute('data-test-result'));
            filterTable(filterItems[i]);
        }
    }
}

function addCollapse() {
    // Add links for show/hide all
    const resulttable = find('table#results-table');
    const showhideall = document.createElement('p');
    showhideall.innerHTML = '<a href="javascript:showAllExtras()">Show all details</a> / ' +
                            '<a href="javascript:hideAllExtras()">Hide all details</a>';
    resulttable.parentElement.insertBefore(showhideall, resulttable);

    // Add show/hide link to each result
    findAll('.col-result').forEach(function(elem) {
        const collapsed = getQueryParameter('collapsed') || 'Passed';
        const extras = elem.parentNode.nextElementSibling;
        const expandcollapse = document.createElement('span');
        if (extras.classList.contains('collapsed')) {
            expandcollapse.classList.add('expander');
        } else if (collapsed.includes(elem.innerHTML)) {
            extras.classList.add('collapsed');
            expandcollapse.classList.add('expander');
        } else {
            expandcollapse.classList.add('collapser');
        }
        elem.appendChild(expandcollapse);

        elem.addEventListener('click', function(event) {
            if (event.currentTarget.parentNode.nextElementSibling.classList.contains('collapsed')) {
                showExtras(event.currentTarget);
            } else {
                hideExtras(event.currentTarget);
            }
        });
    });
}

function getQueryParameter(name) {
    const match = RegExp('[?&]' + name + '=([^&]*)').exec(window.location.search);
    return match && decodeURIComponent(match[1].replace(/\+/g, ' '));
}

function init () { // eslint-disable-line no-unused-vars
    resetSortHeaders();

    addCollapse();

    showFilters();

    sortColumn(find('.initial-sort'));

    findAll('.sortable').forEach(function(elem) {
        elem.addEventListener('click',
            function() {
                sortColumn(elem);
            }, false);
    });
}

function sortTable(clicked, keyFunc) {
    const rows = findAll('.results-table-row');
    const reversed = !clicked.classList.contains('asc');
    const sortedRows = sort(rows, keyFunc, reversed);
    /* Whole table is removed here because browsers acts much slower
     * when appending existing elements.
     */
    const thead = document.getElementById('results-table-head');
    document.getElementById('results-table').remove();
    const parent = document.createElement('table');
    parent.id = 'results-table';
    parent.appendChild(thead);
    sortedRows.forEach(function(elem) {
        parent.appendChild(elem);
    });
    document.getElementsByTagName('BODY')[0].appendChild(parent);
}

function sort(items, keyFunc, reversed) {
    const sortArray = items.map(function(item, i) {
        return [keyFunc(item), i];
    });

    sortArray.sort(function(a, b) {
        const keyA = a[0];
        const keyB = b[0];

        if (keyA == keyB) return 0;

        if (reversed) {
            return keyA < keyB ? 1 : -1;
        } else {
            return keyA > keyB ? 1 : -1;
        }
    });

    return sortArray.map(function(item) {
        const index = item[1];
        return items[index];
    });
}

function keyAlpha(colIndex) {
    return function(elem) {
        return elem.childNodes[1].childNodes[colIndex].firstChild.data.toLowerCase();
    };
}

function keyLink(colIndex) {
    return function(elem) {
        const dataCell = elem.childNodes[1].childNodes[colIndex].firstChild;
        return dataCell == null ? '' : dataCell.innerText.toLowerCase();
    };
}

function keyResult(colIndex) {
    return function(elem) {
        const strings = ['Error', 'Failed', 'Rerun', 'XFailed', 'XPassed',
            'Skipped', 'Passed'];
        return strings.indexOf(elem.childNodes[1].childNodes[colIndex].firstChild.data);
    };
}

function resetSortHeaders() {
    findAll('.sort-icon').forEach(function(elem) {
        elem.parentNode.removeChild(elem);
    });
    findAll('.sortable').forEach(function(elem) {
        const icon = document.createElement('div');
        icon.className = 'sort-icon';
        icon.textContent = 'vvv';
        elem.insertBefore(icon, elem.firstChild);
        elem.classList.remove('desc', 'active');
        elem.classList.add('asc', 'inactive');
    });
}

function toggleSortStates(elem) {
    //if active, toggle between asc and desc
    if (elem.classList.contains('active')) {
        elem.classList.toggle('asc');
        elem.classList.toggle('desc');
    }

    //if inactive, reset all other functions and add ascending active
    if (elem.classList.contains('inactive')) {
        resetSortHeaders();
        elem.classList.remove('inactive');
        elem.classList.add('active');
    }
}

function isAllRowsHidden(value) {
    return value.hidden == false;
}

function filterTable(elem) { // eslint-disable-line no-unused-vars
    const outcomeAtt = 'data-test-result';
    const outcome = elem.getAttribute(outcomeAtt);
    const classOutcome = outcome + ' results-table-row';
    const outcomeRows = document.getElementsByClassName(classOutcome);

    for(let i = 0; i < outcomeRows.length; i++){
        outcomeRows[i].hidden = !elem.checked;
    }

    const rows = findAll('.results-table-row').filter(isAllRowsHidden);
    const allRowsHidden = rows.length == 0 ? true : false;
    const notFoundMessage = document.getElementById('not-found-message');
    notFoundMessage.hidden = !allRowsHidden;
}
</script>
    <h1>report2.html</h1>
    <p>Report generated on 25-May-2023 at 13:37:15 by <a href="https://pypi.python.org/pypi/pytest-html">pytest-html</a> v3.2.0</p>
    <h2>Environment</h2>
    <table id="environment">
      <tr>
        <td>Environment</td>
        <td>Test</td></tr>
      <tr>
        <td>Module Name</td>
        <td>Employee</td></tr>
      <tr>
        <td>Platform</td>
        <td>Windows-10-10.0.22621-SP0</td></tr>
      <tr>
        <td>Project Name</td>
        <td>OrangeHrm</td></tr>
      <tr>
        <td>Python</td>
        <td>3.10.5</td></tr>
      <tr>
        <td>Tester</td>
        <td>Credence</td></tr></table>
    <h2>Summary</h2>
    <p>8 tests ran in 358.19 seconds. </p>
    <p class="filter" hidden="true">(Un)check the boxes to filter the results.</p><input checked="true" class="filter" data-test-result="passed" hidden="true" name="filter_checkbox" onChange="filterTable(this)" type="checkbox"/><span class="passed">5 passed</span>, <input checked="true" class="filter" data-test-result="skipped" disabled="true" hidden="true" name="filter_checkbox" onChange="filterTable(this)" type="checkbox"/><span class="skipped">0 skipped</span>, <input checked="true" class="filter" data-test-result="failed" hidden="true" name="filter_checkbox" onChange="filterTable(this)" type="checkbox"/><span class="failed">3 failed</span>, <input checked="true" class="filter" data-test-result="error" disabled="true" hidden="true" name="filter_checkbox" onChange="filterTable(this)" type="checkbox"/><span class="error">0 errors</span>, <input checked="true" class="filter" data-test-result="xfailed" disabled="true" hidden="true" name="filter_checkbox" onChange="filterTable(this)" type="checkbox"/><span class="xfailed">0 expected failures</span>, <input checked="true" class="filter" data-test-result="xpassed" disabled="true" hidden="true" name="filter_checkbox" onChange="filterTable(this)" type="checkbox"/><span class="xpassed">0 unexpected passes</span>
    <h2>Results</h2>
    <table id="results-table">
      <thead id="results-table-head">
        <tr>
          <th class="sortable result initial-sort" col="result">Result</th>
          <th class="sortable" col="name">Test</th>
          <th class="sortable" col="duration">Duration</th>
          <th class="sortable links" col="links">Links</th></tr>
        <tr hidden="true" id="not-found-message">
          <th colspan="4">No results found. Try to check the filters</th></tr></thead>
      <tbody class="failed results-table-row">
        <tr>
          <td class="col-result">Failed</td>
          <td class="col-name">TestCases_2day/test_addemp_params.py::Test_AddEmp_Params::test_addemp_params_005[getDataforAddemp2]</td>
          <td class="col-duration">27.64</td>
          <td class="col-links"></td></tr>
        <tr>
          <td class="extra" colspan="4">
            <div class="log">self = &lt;TestCases_2day.test_addemp_params.Test_AddEmp_Params object at 0x000002454F0BC3D0&gt;<br/>setup = &lt;selenium.webdriver.chrome.webdriver.WebDriver (session=&quot;b28c1d10ed9037da04611db9d541f250&quot;)&gt;, getDataforAddemp = (&#x27;Admin&#x27;, &#x27;&#x27;, &#x27;Xyz&#x27;, &#x27;fail&#x27;)<br/><br/>    def test_addemp_params_005(self,setup,getDataforAddemp):<br/>        self.driver = setup<br/>        self.log.info(&quot;test_addemp_params_005 Started&quot;)<br/>        self.log.info(&quot;Opening Browser&quot;)<br/>        self.driver.get(self.Url)<br/>        self.log.info(&quot;Going to this Url----&gt;&quot;+self.Url)<br/>        self.ae = AddEmployee(self.driver)<br/>        self.lp = loginpage(self.driver)<br/>        self.log.info(&quot;login page open&quot;)<br/>        self.lp.Enter_UserName(self.username)<br/>        self.log.info(&quot;Entering Username--&gt;&quot;+self.username)<br/>        self.lp.Enter_Passwaord(self.password)<br/>        self.log.info(&quot;Entering password--&gt;&quot;+self.password)<br/>        self.lp.Click_login()<br/>        self.log.info(&quot;Click on login Button&quot;)<br/>    <br/>        self.ae.Click_PIM_Menu_Button()<br/>        self.log.info(&quot;Click on PIM_Menu Button&quot;)<br/>    <br/>        self.ae.Click_Add_Button()<br/>        self.log.info(&quot;Click on Add_Button&quot;)<br/>    <br/>        self.ae.Enter_FirstName(getDataforAddemp[0])<br/>        self.log.info(&quot;Entering Firstname--&gt;&quot;+getDataforAddemp[0])<br/>    <br/>        self.ae.Enter_MiddleName(getDataforAddemp[1])<br/>        self.log.info(&quot;Entering Middlename--&gt;&quot;+getDataforAddemp[1])<br/>    <br/>        self.ae.Enter_LastName(getDataforAddemp[2])<br/>        self.log.info(&quot;Entering Lastname--&gt;&quot;+getDataforAddemp[2])<br/>    <br/>        self.ae.Click_save_Button()<br/>        self.log.info(&quot;Click on save_Button&quot;)<br/>    <br/>        if  self.ae.AddEmployee_Status()==True:<br/>            if getDataforAddemp[3] == &quot;pass&quot;:<br/>               self.driver.save_screenshot(&quot;D:\\Automation selinium\\Automation testing python selinium tushar sir\\OrangeHRM Project\\ScreenShoots\\test_addemp_params_005_Passed.PNG&quot;)<br/>               self.log.info(&quot;test_addemp_params_005 Testcase is Passed.&quot;)<br/>               self.lp.Click_menu()<br/>               self.log.info(&quot;Clicking on Menu_Button&quot;)<br/>    <br/>               self.lp.Click_logout()<br/>               self.log.info(&quot;Clicking on Logout Button&quot;)<br/>               assert True<br/>    <br/>            else:<br/>                self.driver.save_screenshot(<br/>                    &quot;D:\\Automation selinium\\Automation testing python selinium tushar sir\\OrangeHRM Project\\ScreenShoots\\test_addemp_params_005_Failed.PNG&quot;)<br/>                self.log.info(&quot;test_addemp_params_005 Testcase is Failed.&quot;)<br/>    <br/>&gt;               assert False<br/><span class="error">E               assert False</span><br/><br/>TestCases_2day\test_addemp_params.py:70: AssertionError<br/> -------------------------------Captured log call-------------------------------- <br/>INFO     Test_AddEmp_Params:test_addemp_params.py:22 test_addemp_params_005 Started
INFO     Test_AddEmp_Params:test_addemp_params.py:23 Opening Browser
INFO     Test_AddEmp_Params:test_addemp_params.py:25 Going to this Url----&gt;https://opensource-demo.orangehrmlive.com/
INFO     Test_AddEmp_Params:test_addemp_params.py:28 login page open
INFO     Test_AddEmp_Params:test_addemp_params.py:30 Entering Username--&gt;Admin
INFO     Test_AddEmp_Params:test_addemp_params.py:32 Entering password--&gt;admin123
INFO     Test_AddEmp_Params:test_addemp_params.py:34 Click on login Button
INFO     Test_AddEmp_Params:test_addemp_params.py:37 Click on PIM_Menu Button
INFO     Test_AddEmp_Params:test_addemp_params.py:40 Click on Add_Button
INFO     Test_AddEmp_Params:test_addemp_params.py:43 Entering Firstname--&gt;Admin
INFO     Test_AddEmp_Params:test_addemp_params.py:46 Entering Middlename--&gt;
INFO     Test_AddEmp_Params:test_addemp_params.py:49 Entering Lastname--&gt;Xyz
INFO     Test_AddEmp_Params:test_addemp_params.py:52 Click on save_Button
INFO     Test_AddEmp_Params:test_addemp_params.py:68 test_addemp_params_005 Testcase is Failed.<br/></div></td></tr></tbody>
      <tbody class="failed results-table-row">
        <tr>
          <td class="col-result">Failed</td>
          <td class="col-name">TestCases_2day/test_addemp_params.py::Test_AddEmp_Params::test_addemp_params_005[getDataforAddemp6]</td>
          <td class="col-duration">51.02</td>
          <td class="col-links"></td></tr>
        <tr>
          <td class="extra" colspan="4">
            <div class="log">self = &lt;TestCases_2day.test_addemp_params.Test_AddEmp_Params object at 0x000002454F0BF730&gt;<br/>setup = &lt;selenium.webdriver.chrome.webdriver.WebDriver (session=&quot;4f18ee9c5425a18354c1f7c235fe8cb2&quot;)&gt;, getDataforAddemp = (&#x27;Admin1&#x27;, &#x27;&#x27;, &#x27;&#x27;, &#x27;fail&#x27;)<br/><br/>    def test_addemp_params_005(self,setup,getDataforAddemp):<br/>        self.driver = setup<br/>        self.log.info(&quot;test_addemp_params_005 Started&quot;)<br/>        self.log.info(&quot;Opening Browser&quot;)<br/>        self.driver.get(self.Url)<br/>        self.log.info(&quot;Going to this Url----&gt;&quot;+self.Url)<br/>        self.ae = AddEmployee(self.driver)<br/>        self.lp = loginpage(self.driver)<br/>        self.log.info(&quot;login page open&quot;)<br/>&gt;       self.lp.Enter_UserName(self.username)<br/><br/>TestCases_2day\test_addemp_params.py:29: <br/>_ _ _ _ _ _ _ _ _ _ _ _ _ _ _ _ _ _ _ _ _ _ _ _ _ _ _ _ _ _ _ _ _ _ _ _ _ _ _ _ <br/>PageObject\LoginPage.py:18: in Enter_UserName<br/>    self.driver.find_element(*loginpage.Text_Username_XPATH).send_keys(username)<br/>C:\Users\91702\AppData\Local\Programs\Python\Python310\lib\site-packages\selenium\webdriver\remote\webdriver.py:831: in find_element<br/>    return self.execute(Command.FIND_ELEMENT, {&quot;using&quot;: by, &quot;value&quot;: value})[&quot;value&quot;]<br/>C:\Users\91702\AppData\Local\Programs\Python\Python310\lib\site-packages\selenium\webdriver\remote\webdriver.py:440: in execute<br/>    self.error_handler.check_response(response)<br/>_ _ _ _ _ _ _ _ _ _ _ _ _ _ _ _ _ _ _ _ _ _ _ _ _ _ _ _ _ _ _ _ _ _ _ _ _ _ _ _ <br/><br/>self = &lt;selenium.webdriver.remote.errorhandler.ErrorHandler object at 0x000002454F0B8490&gt;<br/>response = {&#x27;status&#x27;: 404, &#x27;value&#x27;: &#x27;{&quot;value&quot;:{&quot;error&quot;:&quot;no such element&quot;,&quot;message&quot;:&quot;no such element: Unable to locate element: {\...dInitThunk [0x76687D59+25]\\n\\tRtlInitializeExceptionChain [0x7789B74B+107]\\n\\tRtlClearBits [0x7789B6CF+191]\\n&quot;}}&#x27;}<br/><br/>    def check_response(self, response: Dict[str, Any]) -&gt; None:<br/>        &quot;&quot;&quot;Checks that a JSON response from the WebDriver does not have an<br/>        error.<br/>    <br/>        :Args:<br/>         - response - The JSON response from the WebDriver server as a dictionary<br/>           object.<br/>    <br/>        :Raises: If the response contains an error message.<br/>        &quot;&quot;&quot;<br/>        status = response.get(&quot;status&quot;, None)<br/>        if not status or status == ErrorCode.SUCCESS:<br/>            return<br/>        value = None<br/>        message = response.get(&quot;message&quot;, &quot;&quot;)<br/>        screen: str = response.get(&quot;screen&quot;, &quot;&quot;)<br/>        stacktrace = None<br/>        if isinstance(status, int):<br/>            value_json = response.get(&quot;value&quot;, None)<br/>            if value_json and isinstance(value_json, str):<br/>                import json<br/>    <br/>                try:<br/>                    value = json.loads(value_json)<br/>                    if len(value) == 1:<br/>                        value = value[&quot;value&quot;]<br/>                    status = value.get(&quot;error&quot;, None)<br/>                    if not status:<br/>                        status = value.get(&quot;status&quot;, ErrorCode.UNKNOWN_ERROR)<br/>                        message = value.get(&quot;value&quot;) or value.get(&quot;message&quot;)<br/>                        if not isinstance(message, str):<br/>                            value = message<br/>                            message = message.get(&quot;message&quot;)<br/>                    else:<br/>                        message = value.get(&quot;message&quot;, None)<br/>                except ValueError:<br/>                    pass<br/>    <br/>        exception_class: Type[WebDriverException]<br/>        if status in ErrorCode.NO_SUCH_ELEMENT:<br/>            exception_class = NoSuchElementException<br/>        elif status in ErrorCode.NO_SUCH_FRAME:<br/>            exception_class = NoSuchFrameException<br/>        elif status in ErrorCode.NO_SUCH_SHADOW_ROOT:<br/>            exception_class = NoSuchShadowRootException<br/>        elif status in ErrorCode.NO_SUCH_WINDOW:<br/>            exception_class = NoSuchWindowException<br/>        elif status in ErrorCode.STALE_ELEMENT_REFERENCE:<br/>            exception_class = StaleElementReferenceException<br/>        elif status in ErrorCode.ELEMENT_NOT_VISIBLE:<br/>            exception_class = ElementNotVisibleException<br/>        elif status in ErrorCode.INVALID_ELEMENT_STATE:<br/>            exception_class = InvalidElementStateException<br/>        elif (<br/>            status in ErrorCode.INVALID_SELECTOR<br/>            or status in ErrorCode.INVALID_XPATH_SELECTOR<br/>            or status in ErrorCode.INVALID_XPATH_SELECTOR_RETURN_TYPER<br/>        ):<br/>            exception_class = InvalidSelectorException<br/>        elif status in ErrorCode.ELEMENT_IS_NOT_SELECTABLE:<br/>            exception_class = ElementNotSelectableException<br/>        elif status in ErrorCode.ELEMENT_NOT_INTERACTABLE:<br/>            exception_class = ElementNotInteractableException<br/>        elif status in ErrorCode.INVALID_COOKIE_DOMAIN:<br/>            exception_class = InvalidCookieDomainException<br/>        elif status in ErrorCode.UNABLE_TO_SET_COOKIE:<br/>            exception_class = UnableToSetCookieException<br/>        elif status in ErrorCode.TIMEOUT:<br/>            exception_class = TimeoutException<br/>        elif status in ErrorCode.SCRIPT_TIMEOUT:<br/>            exception_class = TimeoutException<br/>        elif status in ErrorCode.UNKNOWN_ERROR:<br/>            exception_class = WebDriverException<br/>        elif status in ErrorCode.UNEXPECTED_ALERT_OPEN:<br/>            exception_class = UnexpectedAlertPresentException<br/>        elif status in ErrorCode.NO_ALERT_OPEN:<br/>            exception_class = NoAlertPresentException<br/>        elif status in ErrorCode.IME_NOT_AVAILABLE:<br/>            exception_class = ImeNotAvailableException<br/>        elif status in ErrorCode.IME_ENGINE_ACTIVATION_FAILED:<br/>            exception_class = ImeActivationFailedException<br/>        elif status in ErrorCode.MOVE_TARGET_OUT_OF_BOUNDS:<br/>            exception_class = MoveTargetOutOfBoundsException<br/>        elif status in ErrorCode.JAVASCRIPT_ERROR:<br/>            exception_class = JavascriptException<br/>        elif status in ErrorCode.SESSION_NOT_CREATED:<br/>            exception_class = SessionNotCreatedException<br/>        elif status in ErrorCode.INVALID_ARGUMENT:<br/>            exception_class = InvalidArgumentException<br/>        elif status in ErrorCode.NO_SUCH_COOKIE:<br/>            exception_class = NoSuchCookieException<br/>        elif status in ErrorCode.UNABLE_TO_CAPTURE_SCREEN:<br/>            exception_class = ScreenshotException<br/>        elif status in ErrorCode.ELEMENT_CLICK_INTERCEPTED:<br/>            exception_class = ElementClickInterceptedException<br/>        elif status in ErrorCode.INSECURE_CERTIFICATE:<br/>            exception_class = InsecureCertificateException<br/>        elif status in ErrorCode.INVALID_COORDINATES:<br/>            exception_class = InvalidCoordinatesException<br/>        elif status in ErrorCode.INVALID_SESSION_ID:<br/>            exception_class = InvalidSessionIdException<br/>        elif status in ErrorCode.UNKNOWN_METHOD:<br/>            exception_class = UnknownMethodException<br/>        else:<br/>            exception_class = WebDriverException<br/>        if not value:<br/>            value = response[&quot;value&quot;]<br/>        if isinstance(value, str):<br/>            raise exception_class(value)<br/>        if message == &quot;&quot; and &quot;message&quot; in value:<br/>            message = value[&quot;message&quot;]<br/>    <br/>        screen = None  # type: ignore[assignment]<br/>        if &quot;screen&quot; in value:<br/>            screen = value[&quot;screen&quot;]<br/>    <br/>        stacktrace = None<br/>        st_value = value.get(&quot;stackTrace&quot;) or value.get(&quot;stacktrace&quot;)<br/>        if st_value:<br/>            if isinstance(st_value, str):<br/>                stacktrace = st_value.split(&quot;\n&quot;)<br/>            else:<br/>                stacktrace = []<br/>                try:<br/>                    for frame in st_value:<br/>                        line = frame.get(&quot;lineNumber&quot;, &quot;&quot;)<br/>                        file = frame.get(&quot;fileName&quot;, &quot;&lt;anonymous&gt;&quot;)<br/>                        if line:<br/>                            file = f&quot;{file}:{line}&quot;<br/>                        meth = frame.get(&quot;methodName&quot;, &quot;&lt;anonymous&gt;&quot;)<br/>                        if &quot;className&quot; in frame:<br/>                            meth = f&quot;{frame[&#x27;className&#x27;]}.{meth}&quot;<br/>                        msg = &quot;    at %s (%s)&quot;<br/>                        msg = msg % (meth, file)<br/>                        stacktrace.append(msg)<br/>                except TypeError:<br/>                    pass<br/>        if exception_class == UnexpectedAlertPresentException:<br/>            alert_text = None<br/>            if &quot;data&quot; in value:<br/>                alert_text = value[&quot;data&quot;].get(&quot;text&quot;)<br/>            elif &quot;alert&quot; in value:<br/>                alert_text = value[&quot;alert&quot;].get(&quot;text&quot;)<br/>            raise exception_class(message, screen, stacktrace, alert_text)  # type: ignore[call-arg]  # mypy is not smart enough here<br/>&gt;       raise exception_class(message, screen, stacktrace)<br/><span class="error">E       selenium.common.exceptions.NoSuchElementException: Message: no such element: Unable to locate element: {&quot;method&quot;:&quot;xpath&quot;,&quot;selector&quot;:&quot;//input[@placeholder=&#x27;Username&#x27;]&quot;}</span><br/><span class="error">E         (Session info: headless chrome=113.0.5672.127)</span><br/><span class="error">E       Stacktrace:</span><br/><span class="error">E       Backtrace:</span><br/><span class="error">E       	GetHandleVerifier [0x00678893+48451]</span><br/><span class="error">E       	(No symbol) [0x0060B8A1]</span><br/><span class="error">E       	(No symbol) [0x00515058]</span><br/><span class="error">E       	(No symbol) [0x00540467]</span><br/><span class="error">E       	(No symbol) [0x0054069B]</span><br/><span class="error">E       	(No symbol) [0x0056DD92]</span><br/><span class="error">E       	(No symbol) [0x0055A304]</span><br/><span class="error">E       	(No symbol) [0x0056C482]</span><br/><span class="error">E       	(No symbol) [0x0055A0B6]</span><br/><span class="error">E       	(No symbol) [0x00537E08]</span><br/><span class="error">E       	(No symbol) [0x00538F2D]</span><br/><span class="error">E       	GetHandleVerifier [0x008D8E3A+2540266]</span><br/><span class="error">E       	GetHandleVerifier [0x00918959+2801161]</span><br/><span class="error">E       	GetHandleVerifier [0x0091295C+2776588]</span><br/><span class="error">E       	GetHandleVerifier [0x00702280+612144]</span><br/><span class="error">E       	(No symbol) [0x00614F6C]</span><br/><span class="error">E       	(No symbol) [0x006111D8]</span><br/><span class="error">E       	(No symbol) [0x006112BB]</span><br/><span class="error">E       	(No symbol) [0x00604857]</span><br/><span class="error">E       	BaseThreadInitThunk [0x76687D59+25]</span><br/><span class="error">E       	RtlInitializeExceptionChain [0x7789B74B+107]</span><br/><span class="error">E       	RtlClearBits [0x7789B6CF+191]</span><br/><br/>C:\Users\91702\AppData\Local\Programs\Python\Python310\lib\site-packages\selenium\webdriver\remote\errorhandler.py:245: NoSuchElementException<br/> -------------------------------Captured log call-------------------------------- <br/>INFO     Test_AddEmp_Params:test_addemp_params.py:22 test_addemp_params_005 Started
INFO     Test_AddEmp_Params:test_addemp_params.py:23 Opening Browser
INFO     Test_AddEmp_Params:test_addemp_params.py:25 Going to this Url----&gt;https://opensource-demo.orangehrmlive.com/
INFO     Test_AddEmp_Params:test_addemp_params.py:28 login page open<br/></div></td></tr></tbody>
      <tbody class="failed results-table-row">
        <tr>
          <td class="col-result">Failed</td>
          <td class="col-name">TestCases_2day/test_addemp_params.py::Test_AddEmp_Params::test_addemp_params_005[getDataforAddemp7]</td>
          <td class="col-duration">63.83</td>
          <td class="col-links"></td></tr>
        <tr>
          <td class="extra" colspan="4">
            <div class="log">self = &lt;TestCases_2day.test_addemp_params.Test_AddEmp_Params object at 0x000002454F0BF970&gt;<br/>setup = &lt;selenium.webdriver.chrome.webdriver.WebDriver (session=&quot;9631ed217adaaaa0996b297bdaaa382d&quot;)&gt;, getDataforAddemp = (&#x27; &#x27;, &#x27; &#x27;, &#x27; &#x27;, &#x27;fail&#x27;)<br/><br/>    def test_addemp_params_005(self,setup,getDataforAddemp):<br/>        self.driver = setup<br/>        self.log.info(&quot;test_addemp_params_005 Started&quot;)<br/>        self.log.info(&quot;Opening Browser&quot;)<br/>        self.driver.get(self.Url)<br/>        self.log.info(&quot;Going to this Url----&gt;&quot;+self.Url)<br/>        self.ae = AddEmployee(self.driver)<br/>        self.lp = loginpage(self.driver)<br/>        self.log.info(&quot;login page open&quot;)<br/>&gt;       self.lp.Enter_UserName(self.username)<br/><br/>TestCases_2day\test_addemp_params.py:29: <br/>_ _ _ _ _ _ _ _ _ _ _ _ _ _ _ _ _ _ _ _ _ _ _ _ _ _ _ _ _ _ _ _ _ _ _ _ _ _ _ _ <br/>PageObject\LoginPage.py:18: in Enter_UserName<br/>    self.driver.find_element(*loginpage.Text_Username_XPATH).send_keys(username)<br/>C:\Users\91702\AppData\Local\Programs\Python\Python310\lib\site-packages\selenium\webdriver\remote\webdriver.py:831: in find_element<br/>    return self.execute(Command.FIND_ELEMENT, {&quot;using&quot;: by, &quot;value&quot;: value})[&quot;value&quot;]<br/>C:\Users\91702\AppData\Local\Programs\Python\Python310\lib\site-packages\selenium\webdriver\remote\webdriver.py:440: in execute<br/>    self.error_handler.check_response(response)<br/>_ _ _ _ _ _ _ _ _ _ _ _ _ _ _ _ _ _ _ _ _ _ _ _ _ _ _ _ _ _ _ _ _ _ _ _ _ _ _ _ <br/><br/>self = &lt;selenium.webdriver.remote.errorhandler.ErrorHandler object at 0x000002454F0BB4F0&gt;<br/>response = {&#x27;status&#x27;: 404, &#x27;value&#x27;: &#x27;{&quot;value&quot;:{&quot;error&quot;:&quot;no such element&quot;,&quot;message&quot;:&quot;no such element: Unable to locate element: {\...dInitThunk [0x76687D59+25]\\n\\tRtlInitializeExceptionChain [0x7789B74B+107]\\n\\tRtlClearBits [0x7789B6CF+191]\\n&quot;}}&#x27;}<br/><br/>    def check_response(self, response: Dict[str, Any]) -&gt; None:<br/>        &quot;&quot;&quot;Checks that a JSON response from the WebDriver does not have an<br/>        error.<br/>    <br/>        :Args:<br/>         - response - The JSON response from the WebDriver server as a dictionary<br/>           object.<br/>    <br/>        :Raises: If the response contains an error message.<br/>        &quot;&quot;&quot;<br/>        status = response.get(&quot;status&quot;, None)<br/>        if not status or status == ErrorCode.SUCCESS:<br/>            return<br/>        value = None<br/>        message = response.get(&quot;message&quot;, &quot;&quot;)<br/>        screen: str = response.get(&quot;screen&quot;, &quot;&quot;)<br/>        stacktrace = None<br/>        if isinstance(status, int):<br/>            value_json = response.get(&quot;value&quot;, None)<br/>            if value_json and isinstance(value_json, str):<br/>                import json<br/>    <br/>                try:<br/>                    value = json.loads(value_json)<br/>                    if len(value) == 1:<br/>                        value = value[&quot;value&quot;]<br/>                    status = value.get(&quot;error&quot;, None)<br/>                    if not status:<br/>                        status = value.get(&quot;status&quot;, ErrorCode.UNKNOWN_ERROR)<br/>                        message = value.get(&quot;value&quot;) or value.get(&quot;message&quot;)<br/>                        if not isinstance(message, str):<br/>                            value = message<br/>                            message = message.get(&quot;message&quot;)<br/>                    else:<br/>                        message = value.get(&quot;message&quot;, None)<br/>                except ValueError:<br/>                    pass<br/>    <br/>        exception_class: Type[WebDriverException]<br/>        if status in ErrorCode.NO_SUCH_ELEMENT:<br/>            exception_class = NoSuchElementException<br/>        elif status in ErrorCode.NO_SUCH_FRAME:<br/>            exception_class = NoSuchFrameException<br/>        elif status in ErrorCode.NO_SUCH_SHADOW_ROOT:<br/>            exception_class = NoSuchShadowRootException<br/>        elif status in ErrorCode.NO_SUCH_WINDOW:<br/>            exception_class = NoSuchWindowException<br/>        elif status in ErrorCode.STALE_ELEMENT_REFERENCE:<br/>            exception_class = StaleElementReferenceException<br/>        elif status in ErrorCode.ELEMENT_NOT_VISIBLE:<br/>            exception_class = ElementNotVisibleException<br/>        elif status in ErrorCode.INVALID_ELEMENT_STATE:<br/>            exception_class = InvalidElementStateException<br/>        elif (<br/>            status in ErrorCode.INVALID_SELECTOR<br/>            or status in ErrorCode.INVALID_XPATH_SELECTOR<br/>            or status in ErrorCode.INVALID_XPATH_SELECTOR_RETURN_TYPER<br/>        ):<br/>            exception_class = InvalidSelectorException<br/>        elif status in ErrorCode.ELEMENT_IS_NOT_SELECTABLE:<br/>            exception_class = ElementNotSelectableException<br/>        elif status in ErrorCode.ELEMENT_NOT_INTERACTABLE:<br/>            exception_class = ElementNotInteractableException<br/>        elif status in ErrorCode.INVALID_COOKIE_DOMAIN:<br/>            exception_class = InvalidCookieDomainException<br/>        elif status in ErrorCode.UNABLE_TO_SET_COOKIE:<br/>            exception_class = UnableToSetCookieException<br/>        elif status in ErrorCode.TIMEOUT:<br/>            exception_class = TimeoutException<br/>        elif status in ErrorCode.SCRIPT_TIMEOUT:<br/>            exception_class = TimeoutException<br/>        elif status in ErrorCode.UNKNOWN_ERROR:<br/>            exception_class = WebDriverException<br/>        elif status in ErrorCode.UNEXPECTED_ALERT_OPEN:<br/>            exception_class = UnexpectedAlertPresentException<br/>        elif status in ErrorCode.NO_ALERT_OPEN:<br/>            exception_class = NoAlertPresentException<br/>        elif status in ErrorCode.IME_NOT_AVAILABLE:<br/>            exception_class = ImeNotAvailableException<br/>        elif status in ErrorCode.IME_ENGINE_ACTIVATION_FAILED:<br/>            exception_class = ImeActivationFailedException<br/>        elif status in ErrorCode.MOVE_TARGET_OUT_OF_BOUNDS:<br/>            exception_class = MoveTargetOutOfBoundsException<br/>        elif status in ErrorCode.JAVASCRIPT_ERROR:<br/>            exception_class = JavascriptException<br/>        elif status in ErrorCode.SESSION_NOT_CREATED:<br/>            exception_class = SessionNotCreatedException<br/>        elif status in ErrorCode.INVALID_ARGUMENT:<br/>            exception_class = InvalidArgumentException<br/>        elif status in ErrorCode.NO_SUCH_COOKIE:<br/>            exception_class = NoSuchCookieException<br/>        elif status in ErrorCode.UNABLE_TO_CAPTURE_SCREEN:<br/>            exception_class = ScreenshotException<br/>        elif status in ErrorCode.ELEMENT_CLICK_INTERCEPTED:<br/>            exception_class = ElementClickInterceptedException<br/>        elif status in ErrorCode.INSECURE_CERTIFICATE:<br/>            exception_class = InsecureCertificateException<br/>        elif status in ErrorCode.INVALID_COORDINATES:<br/>            exception_class = InvalidCoordinatesException<br/>        elif status in ErrorCode.INVALID_SESSION_ID:<br/>            exception_class = InvalidSessionIdException<br/>        elif status in ErrorCode.UNKNOWN_METHOD:<br/>            exception_class = UnknownMethodException<br/>        else:<br/>            exception_class = WebDriverException<br/>        if not value:<br/>            value = response[&quot;value&quot;]<br/>        if isinstance(value, str):<br/>            raise exception_class(value)<br/>        if message == &quot;&quot; and &quot;message&quot; in value:<br/>            message = value[&quot;message&quot;]<br/>    <br/>        screen = None  # type: ignore[assignment]<br/>        if &quot;screen&quot; in value:<br/>            screen = value[&quot;screen&quot;]<br/>    <br/>        stacktrace = None<br/>        st_value = value.get(&quot;stackTrace&quot;) or value.get(&quot;stacktrace&quot;)<br/>        if st_value:<br/>            if isinstance(st_value, str):<br/>                stacktrace = st_value.split(&quot;\n&quot;)<br/>            else:<br/>                stacktrace = []<br/>                try:<br/>                    for frame in st_value:<br/>                        line = frame.get(&quot;lineNumber&quot;, &quot;&quot;)<br/>                        file = frame.get(&quot;fileName&quot;, &quot;&lt;anonymous&gt;&quot;)<br/>                        if line:<br/>                            file = f&quot;{file}:{line}&quot;<br/>                        meth = frame.get(&quot;methodName&quot;, &quot;&lt;anonymous&gt;&quot;)<br/>                        if &quot;className&quot; in frame:<br/>                            meth = f&quot;{frame[&#x27;className&#x27;]}.{meth}&quot;<br/>                        msg = &quot;    at %s (%s)&quot;<br/>                        msg = msg % (meth, file)<br/>                        stacktrace.append(msg)<br/>                except TypeError:<br/>                    pass<br/>        if exception_class == UnexpectedAlertPresentException:<br/>            alert_text = None<br/>            if &quot;data&quot; in value:<br/>                alert_text = value[&quot;data&quot;].get(&quot;text&quot;)<br/>            elif &quot;alert&quot; in value:<br/>                alert_text = value[&quot;alert&quot;].get(&quot;text&quot;)<br/>            raise exception_class(message, screen, stacktrace, alert_text)  # type: ignore[call-arg]  # mypy is not smart enough here<br/>&gt;       raise exception_class(message, screen, stacktrace)<br/><span class="error">E       selenium.common.exceptions.NoSuchElementException: Message: no such element: Unable to locate element: {&quot;method&quot;:&quot;xpath&quot;,&quot;selector&quot;:&quot;//input[@placeholder=&#x27;Username&#x27;]&quot;}</span><br/><span class="error">E         (Session info: headless chrome=113.0.5672.127)</span><br/><span class="error">E       Stacktrace:</span><br/><span class="error">E       Backtrace:</span><br/><span class="error">E       	GetHandleVerifier [0x00678893+48451]</span><br/><span class="error">E       	(No symbol) [0x0060B8A1]</span><br/><span class="error">E       	(No symbol) [0x00515058]</span><br/><span class="error">E       	(No symbol) [0x00540467]</span><br/><span class="error">E       	(No symbol) [0x0054069B]</span><br/><span class="error">E       	(No symbol) [0x0056DD92]</span><br/><span class="error">E       	(No symbol) [0x0055A304]</span><br/><span class="error">E       	(No symbol) [0x0056C482]</span><br/><span class="error">E       	(No symbol) [0x0055A0B6]</span><br/><span class="error">E       	(No symbol) [0x00537E08]</span><br/><span class="error">E       	(No symbol) [0x00538F2D]</span><br/><span class="error">E       	GetHandleVerifier [0x008D8E3A+2540266]</span><br/><span class="error">E       	GetHandleVerifier [0x00918959+2801161]</span><br/><span class="error">E       	GetHandleVerifier [0x0091295C+2776588]</span><br/><span class="error">E       	GetHandleVerifier [0x00702280+612144]</span><br/><span class="error">E       	(No symbol) [0x00614F6C]</span><br/><span class="error">E       	(No symbol) [0x006111D8]</span><br/><span class="error">E       	(No symbol) [0x006112BB]</span><br/><span class="error">E       	(No symbol) [0x00604857]</span><br/><span class="error">E       	BaseThreadInitThunk [0x76687D59+25]</span><br/><span class="error">E       	RtlInitializeExceptionChain [0x7789B74B+107]</span><br/><span class="error">E       	RtlClearBits [0x7789B6CF+191]</span><br/><br/>C:\Users\91702\AppData\Local\Programs\Python\Python310\lib\site-packages\selenium\webdriver\remote\errorhandler.py:245: NoSuchElementException<br/> -------------------------------Captured log call-------------------------------- <br/>INFO     Test_AddEmp_Params:test_addemp_params.py:22 test_addemp_params_005 Started
INFO     Test_AddEmp_Params:test_addemp_params.py:23 Opening Browser
INFO     Test_AddEmp_Params:test_addemp_params.py:25 Going to this Url----&gt;https://opensource-demo.orangehrmlive.com/
INFO     Test_AddEmp_Params:test_addemp_params.py:28 login page open<br/></div></td></tr></tbody>
      <tbody class="passed results-table-row">
        <tr>
          <td class="col-result">Passed</td>
          <td class="col-name">TestCases_2day/test_addemp_params.py::Test_AddEmp_Params::test_addemp_params_005[getDataforAddemp0]</td>
          <td class="col-duration">28.77</td>
          <td class="col-links"></td></tr>
        <tr>
          <td class="extra" colspan="4">
            <div class="log"> -------------------------------Captured log call-------------------------------- <br/>INFO     Test_AddEmp_Params:test_addemp_params.py:22 test_addemp_params_005 Started
INFO     Test_AddEmp_Params:test_addemp_params.py:23 Opening Browser
INFO     Test_AddEmp_Params:test_addemp_params.py:25 Going to this Url----&gt;https://opensource-demo.orangehrmlive.com/
INFO     Test_AddEmp_Params:test_addemp_params.py:28 login page open
INFO     Test_AddEmp_Params:test_addemp_params.py:30 Entering Username--&gt;Admin
INFO     Test_AddEmp_Params:test_addemp_params.py:32 Entering password--&gt;admin123
INFO     Test_AddEmp_Params:test_addemp_params.py:34 Click on login Button
INFO     Test_AddEmp_Params:test_addemp_params.py:37 Click on PIM_Menu Button
INFO     Test_AddEmp_Params:test_addemp_params.py:40 Click on Add_Button
INFO     Test_AddEmp_Params:test_addemp_params.py:43 Entering Firstname--&gt;Komal
INFO     Test_AddEmp_Params:test_addemp_params.py:46 Entering Middlename--&gt;Vishal
INFO     Test_AddEmp_Params:test_addemp_params.py:49 Entering Lastname--&gt;Mande
INFO     Test_AddEmp_Params:test_addemp_params.py:52 Click on save_Button
INFO     Test_AddEmp_Params:test_addemp_params.py:57 test_addemp_params_005 Testcase is Passed.
INFO     Test_AddEmp_Params:test_addemp_params.py:59 Clicking on Menu_Button
INFO     Test_AddEmp_Params:test_addemp_params.py:62 Clicking on Logout Button
INFO     Test_AddEmp_Params:test_addemp_params.py:84 &lt;-------test_addemp_params_005 Testcase is Completed Successfully------&gt;<br/></div></td></tr></tbody>
      <tbody class="passed results-table-row">
        <tr>
          <td class="col-result">Passed</td>
          <td class="col-name">TestCases_2day/test_addemp_params.py::Test_AddEmp_Params::test_addemp_params_005[getDataforAddemp1]</td>
          <td class="col-duration">34.67</td>
          <td class="col-links"></td></tr>
        <tr>
          <td class="extra" colspan="4">
            <div class="log"> -------------------------------Captured log call-------------------------------- <br/>INFO     Test_AddEmp_Params:test_addemp_params.py:22 test_addemp_params_005 Started
INFO     Test_AddEmp_Params:test_addemp_params.py:23 Opening Browser
INFO     Test_AddEmp_Params:test_addemp_params.py:25 Going to this Url----&gt;https://opensource-demo.orangehrmlive.com/
INFO     Test_AddEmp_Params:test_addemp_params.py:28 login page open
INFO     Test_AddEmp_Params:test_addemp_params.py:30 Entering Username--&gt;Admin
INFO     Test_AddEmp_Params:test_addemp_params.py:32 Entering password--&gt;admin123
INFO     Test_AddEmp_Params:test_addemp_params.py:34 Click on login Button
INFO     Test_AddEmp_Params:test_addemp_params.py:37 Click on PIM_Menu Button
INFO     Test_AddEmp_Params:test_addemp_params.py:40 Click on Add_Button
INFO     Test_AddEmp_Params:test_addemp_params.py:43 Entering Firstname--&gt;
INFO     Test_AddEmp_Params:test_addemp_params.py:46 Entering Middlename--&gt;Abc
INFO     Test_AddEmp_Params:test_addemp_params.py:49 Entering Lastname--&gt;Xyz
INFO     Test_AddEmp_Params:test_addemp_params.py:52 Click on save_Button
INFO     Test_AddEmp_Params:test_addemp_params.py:75 Invalid Credential But condition Satisfy
INFO     Test_AddEmp_Params:test_addemp_params.py:84 &lt;-------test_addemp_params_005 Testcase is Completed Successfully------&gt;<br/></div></td></tr></tbody>
      <tbody class="passed results-table-row">
        <tr>
          <td class="col-result">Passed</td>
          <td class="col-name">TestCases_2day/test_addemp_params.py::Test_AddEmp_Params::test_addemp_params_005[getDataforAddemp3]</td>
          <td class="col-duration">53.99</td>
          <td class="col-links"></td></tr>
        <tr>
          <td class="extra" colspan="4">
            <div class="log"> -------------------------------Captured log call-------------------------------- <br/>INFO     Test_AddEmp_Params:test_addemp_params.py:22 test_addemp_params_005 Started
INFO     Test_AddEmp_Params:test_addemp_params.py:23 Opening Browser
INFO     Test_AddEmp_Params:test_addemp_params.py:25 Going to this Url----&gt;https://opensource-demo.orangehrmlive.com/
INFO     Test_AddEmp_Params:test_addemp_params.py:28 login page open
INFO     Test_AddEmp_Params:test_addemp_params.py:30 Entering Username--&gt;Admin
INFO     Test_AddEmp_Params:test_addemp_params.py:32 Entering password--&gt;admin123
INFO     Test_AddEmp_Params:test_addemp_params.py:34 Click on login Button
INFO     Test_AddEmp_Params:test_addemp_params.py:37 Click on PIM_Menu Button
INFO     Test_AddEmp_Params:test_addemp_params.py:40 Click on Add_Button
INFO     Test_AddEmp_Params:test_addemp_params.py:43 Entering Firstname--&gt;Admin1
INFO     Test_AddEmp_Params:test_addemp_params.py:46 Entering Middlename--&gt;admin1234
INFO     Test_AddEmp_Params:test_addemp_params.py:49 Entering Lastname--&gt;
INFO     Test_AddEmp_Params:test_addemp_params.py:52 Click on save_Button
INFO     Test_AddEmp_Params:test_addemp_params.py:75 Invalid Credential But condition Satisfy
INFO     Test_AddEmp_Params:test_addemp_params.py:84 &lt;-------test_addemp_params_005 Testcase is Completed Successfully------&gt;<br/></div></td></tr></tbody>
      <tbody class="passed results-table-row">
        <tr>
          <td class="col-result">Passed</td>
          <td class="col-name">TestCases_2day/test_addemp_params.py::Test_AddEmp_Params::test_addemp_params_005[getDataforAddemp4]</td>
          <td class="col-duration">63.65</td>
          <td class="col-links"></td></tr>
        <tr>
          <td class="extra" colspan="4">
            <div class="log"> -------------------------------Captured log call-------------------------------- <br/>INFO     Test_AddEmp_Params:test_addemp_params.py:22 test_addemp_params_005 Started
INFO     Test_AddEmp_Params:test_addemp_params.py:23 Opening Browser
INFO     Test_AddEmp_Params:test_addemp_params.py:25 Going to this Url----&gt;https://opensource-demo.orangehrmlive.com/
INFO     Test_AddEmp_Params:test_addemp_params.py:28 login page open
INFO     Test_AddEmp_Params:test_addemp_params.py:30 Entering Username--&gt;Admin
INFO     Test_AddEmp_Params:test_addemp_params.py:32 Entering password--&gt;admin123
INFO     Test_AddEmp_Params:test_addemp_params.py:34 Click on login Button
INFO     Test_AddEmp_Params:test_addemp_params.py:37 Click on PIM_Menu Button
INFO     Test_AddEmp_Params:test_addemp_params.py:40 Click on Add_Button
INFO     Test_AddEmp_Params:test_addemp_params.py:43 Entering Firstname--&gt;
INFO     Test_AddEmp_Params:test_addemp_params.py:46 Entering Middlename--&gt;
INFO     Test_AddEmp_Params:test_addemp_params.py:49 Entering Lastname--&gt;Admin
INFO     Test_AddEmp_Params:test_addemp_params.py:52 Click on save_Button
INFO     Test_AddEmp_Params:test_addemp_params.py:75 Invalid Credential But condition Satisfy
INFO     Test_AddEmp_Params:test_addemp_params.py:84 &lt;-------test_addemp_params_005 Testcase is Completed Successfully------&gt;<br/></div></td></tr></tbody>
      <tbody class="passed results-table-row">
        <tr>
          <td class="col-result">Passed</td>
          <td class="col-name">TestCases_2day/test_addemp_params.py::Test_AddEmp_Params::test_addemp_params_005[getDataforAddemp5]</td>
          <td class="col-duration">34.18</td>
          <td class="col-links"></td></tr>
        <tr>
          <td class="extra" colspan="4">
            <div class="log"> -------------------------------Captured log call-------------------------------- <br/>INFO     Test_AddEmp_Params:test_addemp_params.py:22 test_addemp_params_005 Started
INFO     Test_AddEmp_Params:test_addemp_params.py:23 Opening Browser
INFO     Test_AddEmp_Params:test_addemp_params.py:25 Going to this Url----&gt;https://opensource-demo.orangehrmlive.com/
INFO     Test_AddEmp_Params:test_addemp_params.py:28 login page open
INFO     Test_AddEmp_Params:test_addemp_params.py:30 Entering Username--&gt;Admin
INFO     Test_AddEmp_Params:test_addemp_params.py:32 Entering password--&gt;admin123
INFO     Test_AddEmp_Params:test_addemp_params.py:34 Click on login Button
INFO     Test_AddEmp_Params:test_addemp_params.py:37 Click on PIM_Menu Button
INFO     Test_AddEmp_Params:test_addemp_params.py:40 Click on Add_Button
INFO     Test_AddEmp_Params:test_addemp_params.py:43 Entering Firstname--&gt;
INFO     Test_AddEmp_Params:test_addemp_params.py:46 Entering Middlename--&gt;admin1234
INFO     Test_AddEmp_Params:test_addemp_params.py:49 Entering Lastname--&gt;
INFO     Test_AddEmp_Params:test_addemp_params.py:52 Click on save_Button
INFO     Test_AddEmp_Params:test_addemp_params.py:75 Invalid Credential But condition Satisfy
INFO     Test_AddEmp_Params:test_addemp_params.py:84 &lt;-------test_addemp_params_005 Testcase is Completed Successfully------&gt;<br/></div></td></tr></tbody></table></body></html>